d:\s360\game\sf\sf\debug\vc120.pdb
d:\s360\game\sf\sf\debug\vc120.idb
d:\s360\game\sf\sf\debug\test2.obj
d:\s360\game\sf\sf\debug\sf.obj
d:\s360\game\sf\debug\sf.ilk
d:\s360\game\sf\debug\sf.exe
d:\s360\game\sf\debug\sf.pdb
d:\s360\game\sf\debug\sf.lib
d:\s360\game\sf\debug\sf.exp
d:\s360\game\sf\sf\playerframe.h
d:\s360\game\sf\sf\debug\sf.vcxprojresolveassemblyreference.cache
d:\s360\game\sf\sf\debug\sf.tlog\cl.command.1.tlog
d:\s360\game\sf\sf\debug\sf.tlog\cl.read.1.tlog
d:\s360\game\sf\sf\debug\sf.tlog\cl.write.1.tlog
d:\s360\game\sf\sf\debug\sf.tlog\link.command.1.tlog
d:\s360\game\sf\sf\debug\sf.tlog\link.read.1.tlog
d:\s360\game\sf\sf\debug\sf.tlog\link.write.1.tlog
d:\s360\game\sf\sf\debug\sf.tlog\sf.write.1u.tlog
d:\s360\game\sf\sf\debug\sf.tlog\xsd.command.1.tlog
d:\s360\game\sf\sf\debug\sf.tlog\xsd.read.1.tlog
d:\s360\game\sf\sf\debug\sf.tlog\xsd.write.1.tlog
